d:\visual studio 2015\lintcode\lintcode\debug\vc140.pdb
d:\visual studio 2015\lintcode\lintcode\debug\vc140.idb
d:\visual studio 2015\lintcode\lintcode\debug\main.obj
d:\visual studio 2015\lintcode\lintcode\debug\solution_1.obj
d:\visual studio 2015\lintcode\lintcode\debug\solution_2.obj
d:\visual studio 2015\lintcode\lintcode\debug\solution_4.obj
d:\visual studio 2015\lintcode\lintcode\debug\solution_3.obj
d:\visual studio 2015\lintcode\lintcode\debug\solution_5.obj
d:\visual studio 2015\lintcode\lintcode\debug\solution_6.obj
d:\visual studio 2015\lintcode\lintcode\debug\solution_7.obj
d:\visual studio 2015\lintcode\lintcode\debug\solution_8.obj
d:\visual studio 2015\lintcode\lintcode\debug\solution_10.obj
d:\visual studio 2015\lintcode\lintcode\debug\solution_9.obj
d:\visual studio 2015\lintcode\lintcode\debug\solution_11.obj
d:\visual studio 2015\lintcode\lintcode\debug\solution_12.obj
d:\visual studio 2015\lintcode\lintcode\debug\solution_13.obj
d:\visual studio 2015\lintcode\lintcode\debug\solution_14.obj
d:\visual studio 2015\lintcode\lintcode\debug\solution_15.obj
d:\visual studio 2015\lintcode\lintcode\debug\solution_16.obj
d:\visual studio 2015\lintcode\lintcode\debug\solution_17.obj
d:\visual studio 2015\lintcode\lintcode\debug\solution_18.obj
d:\visual studio 2015\lintcode\lintcode\debug\solution_20.obj
d:\visual studio 2015\lintcode\lintcode\debug\solution_22.obj
d:\visual studio 2015\lintcode\debug\lintcode.ilk
d:\visual studio 2015\lintcode\debug\lintcode.exe
d:\visual studio 2015\lintcode\debug\lintcode.pdb
d:\visual studio 2015\lintcode\lintcode\debug\lintcode.tlog\cl.command.1.tlog
d:\visual studio 2015\lintcode\lintcode\debug\lintcode.tlog\cl.read.1.tlog
d:\visual studio 2015\lintcode\lintcode\debug\lintcode.tlog\cl.write.1.tlog
d:\visual studio 2015\lintcode\lintcode\debug\lintcode.tlog\link.command.1.tlog
d:\visual studio 2015\lintcode\lintcode\debug\lintcode.tlog\link.read.1.tlog
d:\visual studio 2015\lintcode\lintcode\debug\lintcode.tlog\link.write.1.tlog
